{"D:\\Make it real\\robot-simulator-testing\\robot.js": {"path":"D:\\Make it real\\robot-simulator-testing\\robot.js","statementMap":{"0":{"start":{"line":2,"column":16},"end":{"line":2,"column":31}},"1":{"start":{"line":3,"column":21},"end":{"line":3,"column":55}},"2":{"start":{"line":4,"column":17},"end":{"line":4,"column":28}},"3":{"start":{"line":7,"column":4},"end":{"line":14,"column":5}},"4":{"start":{"line":8,"column":6},"end":{"line":10,"column":7}},"5":{"start":{"line":9,"column":8},"end":{"line":9,"column":41}},"6":{"start":{"line":11,"column":6},"end":{"line":11,"column":50}},"7":{"start":{"line":13,"column":6},"end":{"line":13,"column":27}},"8":{"start":{"line":17,"column":4},"end":{"line":30,"column":5}},"9":{"start":{"line":19,"column":8},"end":{"line":19,"column":15}},"10":{"start":{"line":20,"column":8},"end":{"line":20,"column":14}},"11":{"start":{"line":22,"column":8},"end":{"line":22,"column":15}},"12":{"start":{"line":23,"column":8},"end":{"line":23,"column":14}},"13":{"start":{"line":25,"column":8},"end":{"line":25,"column":15}},"14":{"start":{"line":26,"column":8},"end":{"line":26,"column":14}},"15":{"start":{"line":28,"column":8},"end":{"line":28,"column":15}},"16":{"start":{"line":29,"column":8},"end":{"line":29,"column":14}},"17":{"start":{"line":34,"column":4},"end":{"line":47,"column":5}},"18":{"start":{"line":36,"column":8},"end":{"line":36,"column":29}},"19":{"start":{"line":37,"column":8},"end":{"line":37,"column":14}},"20":{"start":{"line":39,"column":8},"end":{"line":39,"column":30}},"21":{"start":{"line":40,"column":8},"end":{"line":40,"column":14}},"22":{"start":{"line":42,"column":8},"end":{"line":42,"column":29}},"23":{"start":{"line":43,"column":8},"end":{"line":43,"column":14}},"24":{"start":{"line":45,"column":8},"end":{"line":45,"column":30}},"25":{"start":{"line":46,"column":8},"end":{"line":46,"column":14}},"26":{"start":{"line":50,"column":4},"end":{"line":63,"column":5}},"27":{"start":{"line":52,"column":8},"end":{"line":52,"column":29}},"28":{"start":{"line":53,"column":8},"end":{"line":53,"column":14}},"29":{"start":{"line":55,"column":8},"end":{"line":55,"column":30}},"30":{"start":{"line":56,"column":8},"end":{"line":56,"column":14}},"31":{"start":{"line":58,"column":8},"end":{"line":58,"column":29}},"32":{"start":{"line":59,"column":8},"end":{"line":59,"column":14}},"33":{"start":{"line":61,"column":8},"end":{"line":61,"column":30}},"34":{"start":{"line":62,"column":8},"end":{"line":62,"column":14}},"35":{"start":{"line":67,"column":4},"end":{"line":79,"column":5}},"36":{"start":{"line":67,"column":17},"end":{"line":67,"column":18}},"37":{"start":{"line":68,"column":6},"end":{"line":78,"column":7}},"38":{"start":{"line":70,"column":10},"end":{"line":70,"column":22}},"39":{"start":{"line":71,"column":10},"end":{"line":71,"column":16}},"40":{"start":{"line":73,"column":10},"end":{"line":73,"column":20}},"41":{"start":{"line":74,"column":10},"end":{"line":74,"column":16}},"42":{"start":{"line":76,"column":10},"end":{"line":76,"column":21}},"43":{"start":{"line":77,"column":10},"end":{"line":77,"column":16}},"44":{"start":{"line":81,"column":2},"end":{"line":87,"column":4}},"45":{"start":{"line":90,"column":0},"end":{"line":90,"column":33}},"46":{"start":{"line":92,"column":14},"end":{"line":92,"column":42}},"47":{"start":{"line":93,"column":14},"end":{"line":93,"column":22}},"48":{"start":{"line":94,"column":0},"end":{"line":94,"column":26}},"49":{"start":{"line":95,"column":0},"end":{"line":95,"column":33}}},"fnMap":{"0":{"name":"createRobot","decl":{"start":{"line":1,"column":9},"end":{"line":1,"column":20}},"loc":{"start":{"line":1,"column":47},"end":{"line":88,"column":1}},"line":1},"1":{"name":"getPosition","decl":{"start":{"line":6,"column":11},"end":{"line":6,"column":22}},"loc":{"start":{"line":6,"column":25},"end":{"line":15,"column":3}},"line":6},"2":{"name":"advance","decl":{"start":{"line":16,"column":11},"end":{"line":16,"column":18}},"loc":{"start":{"line":16,"column":21},"end":{"line":31,"column":3}},"line":16},"3":{"name":"turnRight","decl":{"start":{"line":33,"column":11},"end":{"line":33,"column":20}},"loc":{"start":{"line":33,"column":23},"end":{"line":48,"column":3}},"line":33},"4":{"name":"turnLeft","decl":{"start":{"line":49,"column":11},"end":{"line":49,"column":19}},"loc":{"start":{"line":49,"column":22},"end":{"line":64,"column":3}},"line":49},"5":{"name":"instructions","decl":{"start":{"line":66,"column":11},"end":{"line":66,"column":23}},"loc":{"start":{"line":66,"column":38},"end":{"line":80,"column":3}},"line":66}},"branchMap":{"0":{"loc":{"start":{"line":8,"column":6},"end":{"line":10,"column":7}},"type":"if","locations":[{"start":{"line":8,"column":6},"end":{"line":10,"column":7}},{"start":{},"end":{}}],"line":8},"1":{"loc":{"start":{"line":8,"column":10},"end":{"line":8,"column":44}},"type":"binary-expr","locations":[{"start":{"line":8,"column":10},"end":{"line":8,"column":16}},{"start":{"line":8,"column":20},"end":{"line":8,"column":25}},{"start":{"line":8,"column":29},"end":{"line":8,"column":35}},{"start":{"line":8,"column":39},"end":{"line":8,"column":44}}],"line":8},"2":{"loc":{"start":{"line":17,"column":4},"end":{"line":30,"column":5}},"type":"switch","locations":[{"start":{"line":18,"column":6},"end":{"line":20,"column":14}},{"start":{"line":21,"column":6},"end":{"line":23,"column":14}},{"start":{"line":24,"column":6},"end":{"line":26,"column":14}},{"start":{"line":27,"column":6},"end":{"line":29,"column":14}}],"line":17},"3":{"loc":{"start":{"line":34,"column":4},"end":{"line":47,"column":5}},"type":"switch","locations":[{"start":{"line":35,"column":6},"end":{"line":37,"column":14}},{"start":{"line":38,"column":6},"end":{"line":40,"column":14}},{"start":{"line":41,"column":6},"end":{"line":43,"column":14}},{"start":{"line":44,"column":6},"end":{"line":46,"column":14}}],"line":34},"4":{"loc":{"start":{"line":50,"column":4},"end":{"line":63,"column":5}},"type":"switch","locations":[{"start":{"line":51,"column":6},"end":{"line":53,"column":14}},{"start":{"line":54,"column":6},"end":{"line":56,"column":14}},{"start":{"line":57,"column":6},"end":{"line":59,"column":14}},{"start":{"line":60,"column":6},"end":{"line":62,"column":14}}],"line":50},"5":{"loc":{"start":{"line":68,"column":6},"end":{"line":78,"column":7}},"type":"switch","locations":[{"start":{"line":69,"column":8},"end":{"line":71,"column":16}},{"start":{"line":72,"column":8},"end":{"line":74,"column":16}},{"start":{"line":75,"column":8},"end":{"line":77,"column":16}}],"line":68}},"s":{"0":10,"1":10,"2":10,"3":9,"4":9,"5":1,"6":8,"7":1,"8":7,"9":1,"10":1,"11":1,"12":1,"13":2,"14":2,"15":3,"16":3,"17":1,"18":0,"19":0,"20":0,"21":0,"22":1,"23":1,"24":0,"25":0,"26":2,"27":0,"28":0,"29":0,"30":0,"31":1,"32":1,"33":1,"34":1,"35":1,"36":1,"37":6,"38":1,"39":1,"40":3,"41":3,"42":2,"43":2,"44":10,"45":1,"46":1,"47":1,"48":1,"49":1},"f":{"0":10,"1":9,"2":7,"3":1,"4":2,"5":1},"b":{"0":[1,8],"1":[9,8,8,8],"2":[1,1,2,3],"3":[0,0,1,0],"4":[0,0,1,1],"5":[1,3,2]},"_coverageSchema":"1a1c01bbd47fc00a2c39e90264f33305004495a9","hash":"45f0e071cc144a50a5abd55a8b3d82851d6bb0c1"}
}
