TN:
SF:robot.js
FN:1,createRobot
FN:6,getPosition
FN:16,advance
FN:33,turnRight
FN:49,turnLeft
FN:66,instructions
FNF:6
FNH:6
FNDA:10,createRobot
FNDA:9,getPosition
FNDA:7,advance
FNDA:1,turnRight
FNDA:2,turnLeft
FNDA:1,instructions
DA:2,10
DA:3,10
DA:4,10
DA:7,9
DA:8,9
DA:9,1
DA:11,8
DA:13,1
DA:17,7
DA:19,1
DA:20,1
DA:22,1
DA:23,1
DA:25,2
DA:26,2
DA:28,3
DA:29,3
DA:34,1
DA:36,0
DA:37,0
DA:39,0
DA:40,0
DA:42,1
DA:43,1
DA:45,0
DA:46,0
DA:50,2
DA:52,0
DA:53,0
DA:55,0
DA:56,0
DA:58,1
DA:59,1
DA:61,1
DA:62,1
DA:67,1
DA:68,6
DA:70,1
DA:71,1
DA:73,3
DA:74,3
DA:76,2
DA:77,2
DA:81,10
DA:90,1
DA:92,1
DA:93,1
DA:94,1
DA:95,1
LF:49
LH:39
BRDA:8,0,0,1
BRDA:8,0,1,8
BRDA:8,1,0,9
BRDA:8,1,1,8
BRDA:8,1,2,8
BRDA:8,1,3,8
BRDA:17,2,0,1
BRDA:17,2,1,1
BRDA:17,2,2,2
BRDA:17,2,3,3
BRDA:34,3,0,0
BRDA:34,3,1,0
BRDA:34,3,2,1
BRDA:34,3,3,0
BRDA:50,4,0,0
BRDA:50,4,1,0
BRDA:50,4,2,1
BRDA:50,4,3,1
BRDA:68,5,0,1
BRDA:68,5,1,3
BRDA:68,5,2,2
BRF:21
BRH:16
end_of_record
